### 인덱스 성능 개선 보고서

### 1. 서론

데이터베이스 쿼리 성능 최적화를 위해 두 가지 시나리오에서 인덱스를 추가하여 성능 변화를 분석했습니다.   
첫 번째 시나리오는 `seats` 테이블의 `status` 컬럼에 인덱스 추가   
두 번째 시나리오는 `concert_schedules` 테이블의 `concert_id`, `performance_day` 컬럼에 인덱스 추가   
각 시나리오에 대해 쿼리 실행 계획과 성능 변화를 비교 분석했습니다.

### 2. 분석 데이터

**쿼리 1:**

```sql
select s from SeatEntity s where s.status = 'RESERVED';
```

**쿼리 2:**

```sql
SELECT cs FROM ConcertScheduleEntity cs WHERE cs.concertId = :concertId AND cs.performanceDay >= :now;
```

### 3. 성능 분석

```sql
-- 더미 데이터 삽입 쿼리
SET SESSION cte_max_recursion_depth = 2000000;

INSERT INTO seats (concert_schedule_id, seat_number, status, version)
WITH RECURSIVE cte (n) AS
(
   SELECT
       1
   UNION ALL
   SELECT
       n + 1
   FROM
       cte
   WHERE
       n < 2000000)-- 생성하고 싶은 더미 데이터의 개수
SELECT
    CASE
        WHEN n % 10 = 1 THEN 1
        WHEN n % 10 = 2 THEN 2
        WHEN n % 10 = 3 THEN 3
        WHEN n % 10 = 4 THEN 4
        WHEN n % 10 = 5 THEN 5
        WHEN n % 10 = 6 THEN 6
        WHEN n % 10 = 7 THEN 7
        WHEN n % 10 = 8 THEN 8
        WHEN n % 10 = 9 THEN 9
        ELSE 1
        END AS concert_schedule_id,
    CONCAT('a', n) AS seat_number,
    CASE
        WHEN n % 3 = 1 THEN 'AVAILABLE'
        WHEN n % 3 = 2 THEN 'RESERVED'
        WHEN n % 3 = 0 THEN 'PAID'
        END AS status,
    1 AS version
FROM
    cte;
```

### 3.1 `seats` 테이블 인덱스 전후 성능 비교

**인덱스 전**



```sql
EXPLAIN ANALYZE
SELECT
    *
FROM
    hhplus.seats
WHERE
    status = 'RESERVED';

-> Filter: (seats.`status` = 'RESERVED')  (cost=203687 rows=665339) (actual time=0.0574..1217 rows=666667 loops=1)
    -> Table scan on seats  (cost=203687 rows=2e+6) (actual time=0.0536..1078 rows=2e+6 loops=1)
    

```

- 분석 내용

  :

    - **비 용**: `(cost=203687 rows=665339)`
    - **필터 조건**: `seats.status = 'RESERVED'`
    - **실행 시간**: 0.0574 ms ~ 1217 ms
    - **처리된 행 수**: 2,000,000 행 중 666,667 행

**인덱스 후**

```sql
CREATE INDEX idx_seats_status ON seats(status);

EXPLAIN ANALYZE
SELECT
    *
FROM
    hhplus.seats
WHERE
    status = 'AVAILABLE';

-> Index lookup on seats using idx_seats_status (status='RESERVED'), 
    with index condition: (seats.`status` = 'RESERVED')  (cost=107938 rows=998008) (actual time=0.387..10868 rows=666667 loops=1)


```

- 분석 내용

  :

    - **비 용**: `(cost=107938 rows=998008)`
    - **필터 조건**: `seats.status = 'RESERVED'`
    - **실행 시간**:  0.387 ms ~ 10868 ms
    - **처리된 행 수**: 998,008 행 중 666,667 행

**결론**

- 비용은 적어 졌지만 실행시간이 6.75배~8.93배 증가하였습니다.
- 데이터 분포를 균등하게 했는데 다음과 같은 결과에 놀라 SET SESSION cte_max_recursion_depth = 1000000;로 줄여서 해봤지만 동일한 추세가 관측되었습니다.
- 회사에서 했을때는 더 빨라지는 양상을 보여주었는데, 집에서 반대의 결과가 나와 상당히 당황스럽... 원인을 계속찾고 있음

### 3.2 `concert_schedules` 테이블 인덱스 전후 성능 비교

**인덱스 전**

```sql
EXPLAIN ANALYZE
SELECT
    *
FROM
    hhplus.concert_schedules
WHERE
    concert_id = 1 AND performance_day > now()-10000;

-> Filter: ((concert_schedules.concert_id = 1) and (concert_schedules.performance_day > <cache>((now() - 10000))))  (cost=191109 rows=66447) (actual time=15.3..1271 rows=117 loops=1)
    -> Table scan on concert_schedules  (cost=191109 rows=1.99e+6) (actual time=2.51..1184 rows=2e+6 loops=1)


```

- 분석 내용

  :

    - **비 용**: `(cost=191109 rows=66447)`
    - **필터 조건**: `(concert_schedules.concert_id = 1) and (concert_schedules.performance_day > <cache>((now() - 10000)))`
    - **실행 시간**:  15.3 ms ~ 1271 ms
    - **처리된 행 수**: 2,000,000 행 중 66,447 행

**인덱스 후**

```sql
CREATE INDEX idx_concert_schedules_concert_id_performance_day ON concert_schedules(concert_id, performance_day);

EXPLAIN ANALYZE
SELECT
    *
FROM
    hhplus.concert_schedules
WHERE
    concert_id = 1 AND performance_day > now()-10000;

-> Index range scan on concert_schedules using idx_concert_schedules_concert_id_performance_day 
    over (concert_id = 1 AND '2025-02-13 12:54:23.000000' < performance_day), 
    with index condition: ((concert_schedules.concert_id = 1) and (concert_schedules.performance_day > <cache>((now() - 10000))))  
    (cost=96.3 rows=116) (actual time=1.89..2.35 rows=116 loops=1)


```

- 쿼리 실행 계획

  :

    - **비 용**: `(cost=140 rows=116)`
    - **필터 조건**: ` (concert_schedules.concert_id = 1) and (concert_schedules.performance_day > <cache>((now() - 10000)))`
    - **실행 시간**:  15.1 ms ~ 16.8 ms
    - **처리된 행 수**: 116 행

**결론**

- index range scan을 통해서 약 1985.5배 개선되었고, 최대 실행 시간은 약 540.4배 개선되었습니다.

